[debug] [2025-07-17T17:32:01.910Z] ----------------------------------------------------------------------
[debug] [2025-07-17T17:32:01.912Z] Command:       C:\Program Files\nodejs\node.exe C:\Users\ashis\AppData\Roaming\npm\node_modules\firebase-tools\lib\bin\firebase.js deploy --only functions
[debug] [2025-07-17T17:32:01.913Z] CLI Version:   14.7.0
[debug] [2025-07-17T17:32:01.913Z] Platform:      win32
[debug] [2025-07-17T17:32:01.913Z] Node Version:  v22.16.0
[debug] [2025-07-17T17:32:01.913Z] Time:          Thu Jul 17 2025 23:02:01 GMT+0530 (India Standard Time)
[debug] [2025-07-17T17:32:01.913Z] ----------------------------------------------------------------------
[debug] 
[debug] [2025-07-17T17:32:02.044Z] > command requires scopes: ["email","openid","https://www.googleapis.com/auth/cloudplatformprojects.readonly","https://www.googleapis.com/auth/firebase","https://www.googleapis.com/auth/cloud-platform"]
[debug] [2025-07-17T17:32:02.045Z] > authorizing via signed-in user (ashish03.dev@gmail.com)
[debug] [2025-07-17T17:32:02.045Z] [iam] checking project back-to-dorm for permissions ["cloudfunctions.functions.create","cloudfunctions.functions.delete","cloudfunctions.functions.get","cloudfunctions.functions.list","cloudfunctions.functions.update","cloudfunctions.operations.get","firebase.projects.get"]
[debug] [2025-07-17T17:32:02.045Z] Checked if tokens are valid: false, expires at: 1752773521027
[debug] [2025-07-17T17:32:02.045Z] Checked if tokens are valid: false, expires at: 1752773521027
[debug] [2025-07-17T17:32:02.046Z] > refreshing access token with scopes: []
[debug] [2025-07-17T17:32:02.047Z] >>> [apiv2][query] POST https://www.googleapis.com/oauth2/v3/token [none]
[debug] [2025-07-17T17:32:02.047Z] >>> [apiv2][body] POST https://www.googleapis.com/oauth2/v3/token [omitted]
[debug] [2025-07-17T17:32:02.431Z] <<< [apiv2][status] POST https://www.googleapis.com/oauth2/v3/token 200
[debug] [2025-07-17T17:32:02.431Z] <<< [apiv2][body] POST https://www.googleapis.com/oauth2/v3/token [omitted]
[debug] [2025-07-17T17:32:02.438Z] >>> [apiv2][query] POST https://cloudresourcemanager.googleapis.com/v1/projects/back-to-dorm:testIamPermissions [none]
[debug] [2025-07-17T17:32:02.438Z] >>> [apiv2][(partial)header] POST https://cloudresourcemanager.googleapis.com/v1/projects/back-to-dorm:testIamPermissions x-goog-quota-user=projects/back-to-dorm
[debug] [2025-07-17T17:32:02.438Z] >>> [apiv2][body] POST https://cloudresourcemanager.googleapis.com/v1/projects/back-to-dorm:testIamPermissions {"permissions":["cloudfunctions.functions.create","cloudfunctions.functions.delete","cloudfunctions.functions.get","cloudfunctions.functions.list","cloudfunctions.functions.update","cloudfunctions.operations.get","firebase.projects.get"]}
